<?xml version="1.0" encoding="UTF-8"?>
<!-- Generated by org.testng.reporters.JUnitXMLReporter -->
<testsuite ignored="0" hostname="kathia" failures="0" tests="3" name="Test" time="12.669" errors="0" timestamp="2024-03-06T11:43:18 EST">
  <testcase classname="Testing_log.NewTest_logger" name="f" time="0.006"/>
  <testcase classname="Testing_log.NewTest_logger" name="login" time="0.088"/>
  <testcase classname="Testing_log.NewTest_logger" name="verify_Homepage" time="5.539"/>
</testsuite> <!-- Test -->
