<?xml version="1.0" encoding="UTF-8"?>
<!-- Generated by org.testng.reporters.JUnitXMLReporter -->
<testsuite ignored="0" hostname="kathia" failures="0" tests="3" name="Test" time="10.871" errors="0" timestamp="2024-03-07T16:26:01 EST">
  <testcase classname="Testing_log.NewTest_logger" name="f" time="0.008"/>
  <testcase classname="Testing_log.NewTest_logger" name="login" time="0.009"/>
  <testcase classname="Testing_log.NewTest_logger" name="verify_Homepage" time="4.498"/>
</testsuite> <!-- Test -->
