<?xml version="1.0" encoding="UTF-8"?>
<testng-results ignored="0" total="3" passed="3" failed="0" skipped="0">
  <reporter-output>
  </reporter-output>
  <suite started-at="2024-03-06T11:43:05 EST" name="Suite" finished-at="2024-03-06T11:43:18 EST" duration-ms="12669">
    <groups>
    </groups>
    <test started-at="2024-03-06T11:43:05 EST" name="Test" finished-at="2024-03-06T11:43:18 EST" duration-ms="12669">
      <class name="Testing_log.NewTest_logger">
        <test-method is-config="true" signature="beforeTest()[pri:0, instance:Testing_log.NewTest_logger@5ea502e0]" started-at="2024-03-06T11:43:05 EST" name="beforeTest" finished-at="2024-03-06T11:43:05 EST" duration-ms="127" status="PASS">
          <reporter-output>
          </reporter-output>
        </test-method> <!-- beforeTest -->
        <test-method is-config="true" signature="beforeClass(java.lang.String,java.lang.String)[pri:0, instance:Testing_log.NewTest_logger@5ea502e0]" started-at="2024-03-06T11:43:05 EST" name="beforeClass" finished-at="2024-03-06T11:43:11 EST" duration-ms="5814" status="PASS">
          <params>
            <param index="0">
              <value>
                <![CDATA[chrome]]>
              </value>
            </param>
            <param index="1">
              <value>
                <![CDATA[https://www.myntra.com/]]>
              </value>
            </param>
          </params>
          <reporter-output>
          </reporter-output>
        </test-method> <!-- beforeClass -->
        <test-method signature="f()[pri:0, instance:Testing_log.NewTest_logger@5ea502e0]" started-at="2024-03-06T11:43:11 EST" name="f" finished-at="2024-03-06T11:43:11 EST" duration-ms="6" status="PASS">
          <reporter-output>
          </reporter-output>
        </test-method> <!-- f -->
        <test-method signature="login()[pri:0, instance:Testing_log.NewTest_logger@5ea502e0]" started-at="2024-03-06T11:43:11 EST" name="login" finished-at="2024-03-06T11:43:11 EST" duration-ms="88" status="PASS">
          <reporter-output>
          </reporter-output>
        </test-method> <!-- login -->
        <test-method signature="verify_Homepage()[pri:0, instance:Testing_log.NewTest_logger@5ea502e0]" started-at="2024-03-06T11:43:11 EST" name="verify_Homepage" finished-at="2024-03-06T11:43:17 EST" duration-ms="5539" status="PASS">
          <reporter-output>
          </reporter-output>
        </test-method> <!-- verify_Homepage -->
        <test-method is-config="true" signature="afterClass()[pri:0, instance:Testing_log.NewTest_logger@5ea502e0]" started-at="2024-03-06T11:43:17 EST" name="afterClass" finished-at="2024-03-06T11:43:17 EST" duration-ms="248" status="PASS">
          <reporter-output>
          </reporter-output>
        </test-method> <!-- afterClass -->
        <test-method is-config="true" signature="afterTest()[pri:0, instance:Testing_log.NewTest_logger@5ea502e0]" started-at="2024-03-06T11:43:17 EST" name="afterTest" finished-at="2024-03-06T11:43:18 EST" duration-ms="802" status="PASS">
          <reporter-output>
          </reporter-output>
        </test-method> <!-- afterTest -->
      </class> <!-- Testing_log.NewTest_logger -->
    </test> <!-- Test -->
  </suite> <!-- Suite -->
</testng-results>
