<?xml version="1.0" encoding="UTF-8"?>
<testng-results ignored="0" total="3" passed="3" failed="0" skipped="0">
  <reporter-output>
  </reporter-output>
  <suite started-at="2024-03-07T16:25:50 EST" name="Suite" finished-at="2024-03-07T16:26:01 EST" duration-ms="10871">
    <groups>
    </groups>
    <test started-at="2024-03-07T16:25:50 EST" name="Test" finished-at="2024-03-07T16:26:01 EST" duration-ms="10871">
      <class name="Testing_log.NewTest_logger">
        <test-method is-config="true" signature="beforeTest()[pri:0, instance:Testing_log.NewTest_logger@7db0565c]" started-at="2024-03-07T16:25:50 EST" name="beforeTest" finished-at="2024-03-07T16:25:50 EST" duration-ms="111" status="PASS">
          <reporter-output>
          </reporter-output>
        </test-method> <!-- beforeTest -->
        <test-method is-config="true" signature="beforeClass(java.lang.String,java.lang.String)[pri:0, instance:Testing_log.NewTest_logger@7db0565c]" started-at="2024-03-07T16:25:50 EST" name="beforeClass" finished-at="2024-03-07T16:25:54 EST" duration-ms="3946" status="PASS">
          <params>
            <param index="0">
              <value>
                <![CDATA[chrome]]>
              </value>
            </param>
            <param index="1">
              <value>
                <![CDATA[https://myntra.com]]>
              </value>
            </param>
          </params>
          <reporter-output>
          </reporter-output>
        </test-method> <!-- beforeClass -->
        <test-method signature="f()[pri:0, instance:Testing_log.NewTest_logger@7db0565c]" started-at="2024-03-07T16:25:54 EST" name="f" finished-at="2024-03-07T16:25:54 EST" duration-ms="8" status="PASS">
          <reporter-output>
          </reporter-output>
        </test-method> <!-- f -->
        <test-method signature="login()[pri:0, instance:Testing_log.NewTest_logger@7db0565c]" started-at="2024-03-07T16:25:54 EST" name="login" finished-at="2024-03-07T16:25:54 EST" duration-ms="9" status="PASS">
          <reporter-output>
          </reporter-output>
        </test-method> <!-- login -->
        <test-method signature="verify_Homepage()[pri:0, instance:Testing_log.NewTest_logger@7db0565c]" started-at="2024-03-07T16:25:54 EST" name="verify_Homepage" finished-at="2024-03-07T16:25:59 EST" duration-ms="4498" status="PASS">
          <reporter-output>
          </reporter-output>
        </test-method> <!-- verify_Homepage -->
        <test-method is-config="true" signature="afterClass()[pri:0, instance:Testing_log.NewTest_logger@7db0565c]" started-at="2024-03-07T16:26:00 EST" name="afterClass" finished-at="2024-03-07T16:26:00 EST" duration-ms="380" status="PASS">
          <reporter-output>
          </reporter-output>
        </test-method> <!-- afterClass -->
        <test-method is-config="true" signature="afterTest()[pri:0, instance:Testing_log.NewTest_logger@7db0565c]" started-at="2024-03-07T16:26:00 EST" name="afterTest" finished-at="2024-03-07T16:26:01 EST" duration-ms="815" status="PASS">
          <reporter-output>
          </reporter-output>
        </test-method> <!-- afterTest -->
      </class> <!-- Testing_log.NewTest_logger -->
    </test> <!-- Test -->
  </suite> <!-- Suite -->
</testng-results>
